# JRE version: Java(TM) SE Runtime Environment (8.0_144-b01) (build 1.8.0_144-b01)
# Java VM: Java HotSpot(TM) 64-Bit Server VM (25.144-b01 mixed mode windows-amd64 compressed oops)
Heap:
 PSYoungGen      total 34816K, used 19214K [0x00000000eb200000, 0x00000000f1680000, 0x0000000100000000)
  eden space 34304K, 55% used [0x00000000eb200000,0x00000000ec4b3aa8,0x00000000ed380000)
  from space 512K, 12% used [0x00000000f1580000,0x00000000f1590000,0x00000000f1600000)
  to   space 512K, 0% used [0x00000000f1600000,0x00000000f1600000,0x00000000f1680000)
 ParOldGen       total 44032K, used 37958K [0x00000000c1600000, 0x00000000c4100000, 0x00000000eb200000)
  object space 44032K, 86% used [0x00000000c1600000,0x00000000c3b11af0,0x00000000c4100000)
 Metaspace       used 18814K, capacity 19094K, committed 19328K, reserved 1067008K
  class space    used 2248K, capacity 2365K, committed 2432K, reserved 1048576K
GC Heap History (10 events):
Event: 297.339 GC heap before
{Heap before GC invocations=872 (full 0):
 PSYoungGen      total 40960K, used 40512K [0x00000000eb200000, 0x00000000f1680000, 0x0000000100000000)
  eden space 40448K, 100% used [0x00000000eb200000,0x00000000ed980000,0x00000000ed980000)
  from space 512K, 12% used [0x00000000f1580000,0x00000000f1590000,0x00000000f1600000)
  to   space 512K, 0% used [0x00000000f1600000,0x00000000f1600000,0x00000000f1680000)
 ParOldGen       total 44032K, used 37934K [0x00000000c1600000, 0x00000000c4100000, 0x00000000eb200000)
  object space 44032K, 86% used [0x00000000c1600000,0x00000000c3b0baf0,0x00000000c4100000)
 Metaspace       used 18812K, capacity 19094K, committed 19328K, reserved 1067008K
  class space    used 2248K, capacity 2365K, committed 2432K, reserved 1048576K
Event: 297.341 GC heap after
Heap after GC invocations=872 (full 0):
 PSYoungGen      total 39936K, used 32K [0x00000000eb200000, 0x00000000f1680000, 0x0000000100000000)
  eden space 39424K, 0% used [0x00000000eb200000,0x00000000eb200000,0x00000000ed880000)
  from space 512K, 6% used [0x00000000f1600000,0x00000000f1608000,0x00000000f1680000)
  to   space 512K, 0% used [0x00000000f1580000,0x00000000f1580000,0x00000000f1600000)
 ParOldGen       total 44032K, used 37942K [0x00000000c1600000, 0x00000000c4100000, 0x00000000eb200000)
  object space 44032K, 86% used [0x00000000c1600000,0x00000000c3b0daf0,0x00000000c4100000)
 Metaspace       used 18812K, capacity 19094K, committed 19328K, reserved 1067008K
  class space    used 2248K, capacity 2365K, committed 2432K, reserved 1048576K
}
Event: 297.547 GC heap before
{Heap before GC invocations=873 (full 0):
 PSYoungGen      total 39936K, used 39456K [0x00000000eb200000, 0x00000000f1680000, 0x0000000100000000)
  eden space 39424K, 100% used [0x00000000eb200000,0x00000000ed880000,0x00000000ed880000)
  from space 512K, 6% used [0x00000000f1600000,0x00000000f1608000,0x00000000f1680000)
  to   space 512K, 0% used [0x00000000f1580000,0x00000000f1580000,0x00000000f1600000)
 ParOldGen       total 44032K, used 37942K [0x00000000c1600000, 0x00000000c4100000, 0x00000000eb200000)
  object space 44032K, 86% used [0x00000000c1600000,0x00000000c3b0daf0,0x00000000c4100000)
 Metaspace       used 18812K, capacity 19094K, committed 19328K, reserved 1067008K
  class space    used 2248K, capacity 2365K, committed 2432K, reserved 1048576K
Event: 297.549 GC heap after
Heap after GC invocations=873 (full 0):
 PSYoungGen      total 38912K, used 96K [0x00000000eb200000, 0x00000000f1680000, 0x0000000100000000)
  eden space 38400K, 0% used [0x00000000eb200000,0x00000000eb200000,0x00000000ed780000)
  from space 512K, 18% used [0x00000000f1580000,0x00000000f1598000,0x00000000f1600000)
  to   space 512K, 0% used [0x00000000f1600000,0x00000000f1600000,0x00000000f1680000)
 ParOldGen       total 44032K, used 37942K [0x00000000c1600000, 0x00000000c4100000, 0x00000000eb200000)
  object space 44032K, 86% used [0x00000000c1600000,0x00000000c3b0daf0,0x00000000c4100000)
 Metaspace       used 18812K, capacity 19094K, committed 19328K, reserved 1067008K
  class space    used 2248K, capacity 2365K, committed 2432K, reserved 1048576K
}
Event: 297.753 GC heap before
{Heap before GC invocations=874 (full 0):
 PSYoungGen      total 38912K, used 38496K [0x00000000eb200000, 0x00000000f1680000, 0x0000000100000000)
  eden space 38400K, 100% used [0x00000000eb200000,0x00000000ed780000,0x00000000ed780000)
  from space 512K, 18% used [0x00000000f1580000,0x00000000f1598000,0x00000000f1600000)
  to   space 512K, 0% used [0x00000000f1600000,0x00000000f1600000,0x00000000f1680000)
 ParOldGen       total 44032K, used 37942K [0x00000000c1600000, 0x00000000c4100000, 0x00000000eb200000)
  object space 44032K, 86% used [0x00000000c1600000,0x00000000c3b0daf0,0x00000000c4100000)
 Metaspace       used 18812K, capacity 19094K, committed 19328K, reserved 1067008K
  class space    used 2248K, capacity 2365K, committed 2432K, reserved 1048576K
Event: 297.755 GC heap after
Heap after GC invocations=874 (full 0):
 PSYoungGen      total 37888K, used 96K [0x00000000eb200000, 0x00000000f1680000, 0x0000000100000000)
  eden space 37376K, 0% used [0x00000000eb200000,0x00000000eb200000,0x00000000ed680000)
  from space 512K, 18% used [0x00000000f1600000,0x00000000f1618000,0x00000000f1680000)
  to   space 512K, 0% used [0x00000000f1580000,0x00000000f1580000,0x00000000f1600000)
 ParOldGen       total 44032K, used 37942K [0x00000000c1600000, 0x00000000c4100000, 0x00000000eb200000)
  object space 44032K, 86% used [0x00000000c1600000,0x00000000c3b0daf0,0x00000000c4100000)
 Metaspace       used 18812K, capacity 19094K, committed 19328K, reserved 1067008K
  class space    used 2248K, capacity 2365K, committed 2432K, reserved 1048576K
}
Event: 297.931 GC heap before
{Heap before GC invocations=875 (full 0):
 PSYoungGen      total 37888K, used 37472K [0x00000000eb200000, 0x00000000f1680000, 0x0000000100000000)
  eden space 37376K, 100% used [0x00000000eb200000,0x00000000ed680000,0x00000000ed680000)
  from space 512K, 18% used [0x00000000f1600000,0x00000000f1618000,0x00000000f1680000)
  to   space 512K, 0% used [0x00000000f1580000,0x00000000f1580000,0x00000000f1600000)
 ParOldGen       total 44032K, used 37942K [0x00000000c1600000, 0x00000000c4100000, 0x00000000eb200000)
  object space 44032K, 86% used [0x00000000c1600000,0x00000000c3b0daf0,0x00000000c4100000)
 Metaspace       used 18812K, capacity 19094K, committed 19328K, reserved 1067008K
  class space    used 2248K, capacity 2365K, committed 2432K, reserved 1048576K
Event: 297.934 GC heap after
Heap after GC invocations=875 (full 0):
 PSYoungGen      total 36864K, used 96K [0x00000000eb200000, 0x00000000f1680000, 0x0000000100000000)
  eden space 36352K, 0% used [0x00000000eb200000,0x00000000eb200000,0x00000000ed580000)
  from space 512K, 18% used [0x00000000f1580000,0x00000000f1598000,0x00000000f1600000)
  to   space 512K, 0% used [0x00000000f1600000,0x00000000f1600000,0x00000000f1680000)
 ParOldGen       total 44032K, used 37942K [0x00000000c1600000, 0x00000000c4100000, 0x00000000eb200000)
  object space 44032K, 86% used [0x00000000c1600000,0x00000000c3b0daf0,0x00000000c4100000)
 Metaspace       used 18812K, capacity 19094K, committed 19328K, reserved 1067008K
  class space    used 2248K, capacity 2365K, committed 2432K, reserved 1048576K
}
Event: 298.147 GC heap before
{Heap before GC invocations=876 (full 0):
 PSYoungGen      total 36864K, used 36448K [0x00000000eb200000, 0x00000000f1680000, 0x0000000100000000)
  eden space 36352K, 100% used [0x00000000eb200000,0x00000000ed580000,0x00000000ed580000)
  from space 512K, 18% used [0x00000000f1580000,0x00000000f1598000,0x00000000f1600000)
  to   space 512K, 0% used [0x00000000f1600000,0x00000000f1600000,0x00000000f1680000)
 ParOldGen       total 44032K, used 37942K [0x00000000c1600000, 0x00000000c4100000, 0x00000000eb200000)
  object space 44032K, 86% used [0x00000000c1600000,0x00000000c3b0daf0,0x00000000c4100000)
 Metaspace       used 18812K, capacity 19094K, committed 19328K, reserved 1067008K
  class space    used 2248K, capacity 2365K, committed 2432K, reserved 1048576K
Event: 298.149 GC heap after
Heap after GC invocations=876 (full 0):
 PSYoungGen      total 35840K, used 96K [0x00000000eb200000, 0x00000000f1680000, 0x0000000100000000)
  eden space 35328K, 0% used [0x00000000eb200000,0x00000000eb200000,0x00000000ed480000)
  from space 512K, 18% used [0x00000000f1600000,0x00000000f1618000,0x00000000f1680000)
  to   space 512K, 0% used [0x00000000f1580000,0x00000000f1580000,0x00000000f1600000)
 ParOldGen       total 44032K, used 37958K [0x00000000c1600000, 0x00000000c4100000, 0x00000000eb200000)
  object space 44032K, 86% used [0x00000000c1600000,0x00000000c3b11af0,0x00000000c4100000)
 Metaspace       used 18812K, capacity 19094K, committed 19328K, reserved 1067008K
  class space    used 2248K, capacity 2365K, committed 2432K, reserved 1048576K
}

